Running: pytest --verbose --cov-report term --cov=. --cov-branch
/home/vpayno/.pyenv/versions/3.10.2/lib/python3.10/site-packages/_pytest/nodes.py:664: PytestWarning: PylamaItem is an Item subclass and should not be a collector, however its bases File are collectors.
Please split the Collectors and the Item into separate node types.
Pytest Doc example: https://docs.pytest.org/en/latest/example/nonpython.html
example pull request on a plugin: https://github.com/asmeurer/pytest-flakes/pull/40/
  warnings.warn(
============================= test session starts ==============================
platform linux -- Python 3.10.2, pytest-7.0.0, pluggy-1.0.0 -- /home/vpayno/.pyenv/versions/3.10.2/bin/python
cachedir: .pytest_cache
hypothesis profile 'default' -> database=DirectoryBasedExampleDatabase('/home/vpayno/git_vpayno/leetcode-workspace/2021/11/two-sum/python3/.hypothesis/examples')
rootdir: /home/vpayno/git_vpayno/leetcode-workspace/2021/11/two-sum/python3
plugins: anyio-3.5.0, pylama-8.3.7, typeguard-2.13.3, cov-3.0.0, hypothesis-6.36.1, subprocess-1.4.0
collecting ... collected 10 items

test_two_sum.py::test_class_init PASSED                                  [ 10%]
test_two_sum.py::test_class_str PASSED                                   [ 20%]
test_two_sum.py::test_method[nums0-11-expected0] PASSED                  [ 30%]
test_two_sum.py::test_method[nums1-21-expected1] PASSED                  [ 40%]
test_two_sum.py::test_method[nums2-6-expected2] PASSED                   [ 50%]
test_two_sum.py::test_method[nums3-5-expected3] PASSED                   [ 60%]
test_two_sum.py::test_method[nums4-2-expected4] PASSED                   [ 70%]
test_two_sum.py::test_method[nums5-0-expected5] PASSED                   [ 80%]
test_two_sum.py::test_script[0 1 2 3 4 5-7-2 + 5 = 7] PASSED             [ 90%]
test_two_sum.py::test_script[0 1 2 3 4 5-11-No solution found.] PASSED   [100%]

---------- coverage: platform linux, python 3.10.2-final-0 -----------
Name                  Stmts   Miss Branch BrPart  Cover
-------------------------------------------------------
test_two_sum.py          23      0      0      0   100%
two_sum/__init__.py       0      0      0      0   100%
two_sum/two_sum.py       20      0      8      0   100%
-------------------------------------------------------
TOTAL                    43      0      8      0   100%


============================= 10 passed in 10.37s ==============================

real	0m17.374s
user	0m14.940s
sys	0m1.999s

Running: spackle
Name                  Stmts   Miss Branch BrPart  Cover   Missing
-----------------------------------------------------------------
test_two_sum.py          23      0      0      0   100%
two_sum/__init__.py       0      0      0      0   100%
two_sum/two_sum.py       20      0      8      0   100%
-----------------------------------------------------------------
TOTAL                    43      0      8      0   100%

real	0m1.524s
user	0m0.438s
sys	0m0.265s

