Running: pytest --verbose --cov-report term --cov=. --cov-branch
============================= test session starts ==============================
platform linux -- Python 3.9.2, pytest-6.2.2, py-1.10.0, pluggy-0.13.1 -- /home/vpayno/.pyenv/versions/3.9.2/bin/python3.9
cachedir: .pytest_cache
hypothesis profile 'default' -> database=DirectoryBasedExampleDatabase('/home/vpayno/git_vpayno/leetcode-workspace/2021/11/two-sum/python3/.hypothesis/examples')
rootdir: /home/vpayno/git_vpayno/leetcode-workspace/2021/11/two-sum/python3
plugins: anyio-2.0.2, pylama-7.7.1, hypothesis-6.27.1, typeguard-2.13.2, cov-3.0.0, subprocess-1.3.2
collecting ... collected 10 items

test_two_sum.py::test_class_init PASSED                                  [ 10%]
test_two_sum.py::test_class_str PASSED                                   [ 20%]
test_two_sum.py::test_method[nums0-11-expected0] PASSED                  [ 30%]
test_two_sum.py::test_method[nums1-21-expected1] PASSED                  [ 40%]
test_two_sum.py::test_method[nums2-6-expected2] PASSED                   [ 50%]
test_two_sum.py::test_method[nums3-5-expected3] PASSED                   [ 60%]
test_two_sum.py::test_method[nums4-2-expected4] PASSED                   [ 70%]
test_two_sum.py::test_method[nums5-0-expected5] PASSED                   [ 80%]
test_two_sum.py::test_script[0 1 2 3 4 5-7-2 + 5 = 7] PASSED             [ 90%]
test_two_sum.py::test_script[0 1 2 3 4 5-11-No solution found.] PASSED   [100%]

----------- coverage: platform linux, python 3.9.2-final-0 -----------
Name                  Stmts   Miss Branch BrPart  Cover
-------------------------------------------------------
test_two_sum.py          23      0      0      0   100%
two_sum/__init__.py       0      0      0      0   100%
two_sum/two_sum.py       20      0     10      0   100%
-------------------------------------------------------
TOTAL                    43      0     10      0   100%


============================== 10 passed in 1.01s ==============================

real	0m3.509s
user	0m2.678s
sys	0m0.858s

Running: spackle
Name                  Stmts   Miss Branch BrPart  Cover   Missing
-----------------------------------------------------------------
test_two_sum.py          23      0      0      0   100%
two_sum/__init__.py       0      0      0      0   100%
two_sum/two_sum.py       20      0     10      0   100%
-----------------------------------------------------------------
TOTAL                    43      0     10      0   100%

real	0m0.837s
user	0m0.208s
sys	0m0.207s

